build/intermediates/manifest_merge_blame_file/release/manifest-merger-blame-release-report.txt
1<?xml version="1.0" encoding="utf-8"?>
2<manifest xmlns:android="http://schemas.android.com/apk/res/android"
3    package="com.example.famcinematic"
4    android:versionCode="1"
5    android:versionName="1.0" >
6
7    <uses-sdk
8        android:minSdkVersion="22"
8-->src\main\AndroidManifest.xml
9        android:targetSdkVersion="33" />
9-->src\main\AndroidManifest.xml
10
11    <uses-permission android:name="android.permission.READ_EXTERNAL_STORAGE" />
11-->src\main\AndroidManifest.xml:5:5-80
11-->src\main\AndroidManifest.xml:5:22-77
12    <uses-permission android:name="android.permission.WRITE_EXTERNAL_STORAGE" />
12-->src\main\AndroidManifest.xml:6:5-81
12-->src\main\AndroidManifest.xml:6:22-78
13
14    <application
14-->src\main\AndroidManifest.xml:8:5-57:19
15        android:allowBackup="true"
15-->src\main\AndroidManifest.xml:9:9-35
16        android:appComponentFactory="android.support.v4.app.CoreComponentFactory"
16-->[com.android.support:support-compat:28.0.0] AndroidManifest.xml:22:18-91
17        android:dataExtractionRules="@xml/data_extraction_rules"
17-->src\main\AndroidManifest.xml:10:9-65
18        android:fullBackupContent="@xml/backup_rules"
18-->src\main\AndroidManifest.xml:11:9-54
19        android:icon="@mipmap/ic_launcher"
19-->src\main\AndroidManifest.xml:12:9-43
20        android:label="@string/app_name"
20-->src\main\AndroidManifest.xml:13:9-41
21        android:supportsRtl="true"
21-->src\main\AndroidManifest.xml:14:9-35
22        android:theme="@style/Theme.FamCinematic" >
22-->src\main\AndroidManifest.xml:15:9-50
23        <activity
23-->src\main\AndroidManifest.xml:18:9-29:20
24            android:name="com.example.famcinematic.MainActivity"
24-->src\main\AndroidManifest.xml:19:13-41
25            android:exported="true"
25-->src\main\AndroidManifest.xml:20:13-36
26            android:label="@string/app_name"
26-->src\main\AndroidManifest.xml:21:13-45
27            android:theme="@style/Theme.FamCinematic.NoActionBar" >
27-->src\main\AndroidManifest.xml:22:13-66
28            <intent-filter>
28-->src\main\AndroidManifest.xml:24:13-27:29
29                <action android:name="android.intent.action.MAIN" />
29-->src\main\AndroidManifest.xml:25:17-69
29-->src\main\AndroidManifest.xml:25:25-66
30
31                <category android:name="android.intent.category.LAUNCHER" />
31-->src\main\AndroidManifest.xml:26:17-77
31-->src\main\AndroidManifest.xml:26:27-74
32            </intent-filter>
33        </activity>
34        <activity
34-->src\main\AndroidManifest.xml:31:9-42:20
35            android:name="com.example.famcinematic.RateModeActivity"
35-->src\main\AndroidManifest.xml:32:13-45
36            android:exported="true"
36-->src\main\AndroidManifest.xml:33:13-36
37            android:label="@string/rate_mode_title"
37-->src\main\AndroidManifest.xml:34:13-52
38            android:theme="@style/Theme.FamCinematic" >
38-->src\main\AndroidManifest.xml:35:13-54
39            <intent-filter>
39-->src\main\AndroidManifest.xml:37:13-40:29
40                <action android:name="com.example.famcinematic.RATE_MODE" />
40-->src\main\AndroidManifest.xml:38:17-77
40-->src\main\AndroidManifest.xml:38:25-74
41
42                <category android:name="android.intent.category.DEFAULT" />
42-->src\main\AndroidManifest.xml:39:17-76
42-->src\main\AndroidManifest.xml:39:27-73
43            </intent-filter>
44        </activity>
45        <activity
45-->src\main\AndroidManifest.xml:44:9-55:20
46            android:name="com.example.famcinematic.PickModeActivity"
46-->src\main\AndroidManifest.xml:45:13-45
47            android:exported="true"
47-->src\main\AndroidManifest.xml:46:13-36
48            android:label="@string/pick_mode_title"
48-->src\main\AndroidManifest.xml:47:13-52
49            android:theme="@style/Theme.FamCinematic" >
49-->src\main\AndroidManifest.xml:48:13-54
50            <intent-filter>
50-->src\main\AndroidManifest.xml:50:13-53:29
51                <action android:name="com.example.famcinematic.PICK_MODE" />
51-->src\main\AndroidManifest.xml:51:17-77
51-->src\main\AndroidManifest.xml:51:25-74
52
53                <category android:name="android.intent.category.DEFAULT" />
53-->src\main\AndroidManifest.xml:39:17-76
53-->src\main\AndroidManifest.xml:39:27-73
54            </intent-filter>
55        </activity>
56    </application>
57
58</manifest>